{
  "stats": {
    "suites": 2,
    "tests": 5,
    "passes": 4,
    "pending": 0,
    "failures": 1,
    "start": "2025-10-16T13:57:57.891Z",
    "end": "2025-10-16T13:57:59.992Z",
    "duration": 2101,
    "testsRegistered": 5,
    "passPercent": 80,
    "pendingPercent": 0,
    "other": 0,
    "hasOther": false,
    "skipped": 0,
    "hasSkipped": false
  },
  "results": [
    {
      "uuid": "a3674e4d-2487-499d-92b5-f6d2617632d5",
      "title": "",
      "fullFile": "cypress\\e2e\\api\\LoginCalls.cy.js",
      "file": "cypress\\e2e\\api\\LoginCalls.cy.js",
      "beforeHooks": [],
      "afterHooks": [],
      "tests": [],
      "suites": [
        {
          "uuid": "5819c85c-d88b-4ebd-8656-f7ff140f3a60",
          "title": "Tests for Login calls",
          "fullFile": "",
          "file": "",
          "beforeHooks": [],
          "afterHooks": [],
          "tests": [],
          "suites": [
            {
              "uuid": "2048fff6-0187-4260-af6a-f690cba063a2",
              "title": "Tests scenarios for the POST call",
              "fullFile": "",
              "file": "",
              "beforeHooks": [],
              "afterHooks": [],
              "tests": [
                {
                  "title": "Validate Login using correct credentials",
                  "fullTitle": "Tests for Login calls Tests scenarios for the POST call Validate Login using correct credentials",
                  "timedOut": null,
                  "duration": 1062,
                  "state": "failed",
                  "speed": null,
                  "pass": false,
                  "fail": true,
                  "pending": false,
                  "context": null,
                  "code": "cy.requestsFor({\n  method: 'POST',\n  url: '/login',\n  body: {\n    \"email\": \"test@test.com\",\n    \"password\": \"teste\"\n  }\n}).then(response => {\n  expect(response.status).to.be.oneOf([200, 201]);\n  expect(response.body).to.have.property('message');\n  expect(response.body).to.have.property('authorization');\n});",
                  "err": {
                    "message": "AssertionError: expected 401 to be one of [ 200, 201 ]",
                    "estack": "AssertionError: expected 401 to be one of [ 200, 201 ]\n    at Context.eval (webpack://bluesix/./cypress/e2e/api/LoginCalls.cy.js:13:46)",
                    "diff": "- 401\n+ [ 200, 201 ]\n"
                  },
                  "uuid": "34381f0e-c678-48f1-9895-f8f17b85bce1",
                  "parentUUID": "2048fff6-0187-4260-af6a-f690cba063a2",
                  "isHook": false,
                  "skipped": false
                },
                {
                  "title": "Validate Login using incorrect credentials",
                  "fullTitle": "Tests for Login calls Tests scenarios for the POST call Validate Login using incorrect credentials",
                  "timedOut": null,
                  "duration": 235,
                  "state": "passed",
                  "speed": "fast",
                  "pass": true,
                  "fail": false,
                  "pending": false,
                  "context": null,
                  "code": "cy.requestsFor({\n  method: 'POST',\n  url: '/login',\n  body: {\n    \"email\": \"test@t.com\",\n    \"password\": \"testeeee123\"\n  }\n}).then(response => {\n  expect(response.status).to.be.oneOf([400, 401]);\n  expect(response.body).to.have.property('message');\n});",
                  "err": {},
                  "uuid": "0637a509-5784-4510-8192-7c18d37f39f1",
                  "parentUUID": "2048fff6-0187-4260-af6a-f690cba063a2",
                  "isHook": false,
                  "skipped": false
                },
                {
                  "title": "Validate Login without Password",
                  "fullTitle": "Tests for Login calls Tests scenarios for the POST call Validate Login without Password",
                  "timedOut": null,
                  "duration": 228,
                  "state": "passed",
                  "speed": "fast",
                  "pass": true,
                  "fail": false,
                  "pending": false,
                  "context": null,
                  "code": "cy.requestsFor({\n  method: 'POST',\n  url: '/login',\n  body: {\n    \"email\": \"test@t.com\"\n  }\n}).then(response => {\n  expect(response.status).to.be.oneOf([400, 401]);\n  expect(response.body).to.have.property('password');\n});",
                  "err": {},
                  "uuid": "ecf374ad-f6ff-40e0-a568-ddf3ffbb2719",
                  "parentUUID": "2048fff6-0187-4260-af6a-f690cba063a2",
                  "isHook": false,
                  "skipped": false
                },
                {
                  "title": "Validate Login without Email",
                  "fullTitle": "Tests for Login calls Tests scenarios for the POST call Validate Login without Email",
                  "timedOut": null,
                  "duration": 227,
                  "state": "passed",
                  "speed": "fast",
                  "pass": true,
                  "fail": false,
                  "pending": false,
                  "context": null,
                  "code": "cy.requestsFor({\n  method: 'POST',\n  url: '/login',\n  body: {\n    \"password\": \"teste\"\n  }\n}).then(response => {\n  expect(response.status).to.be.oneOf([400, 401]);\n  expect(response.body).to.have.property('email');\n});",
                  "err": {},
                  "uuid": "b858eb53-18c3-4c28-8795-b103e85dcdb3",
                  "parentUUID": "2048fff6-0187-4260-af6a-f690cba063a2",
                  "isHook": false,
                  "skipped": false
                },
                {
                  "title": "Validate Login with empty body",
                  "fullTitle": "Tests for Login calls Tests scenarios for the POST call Validate Login with empty body",
                  "timedOut": null,
                  "duration": 236,
                  "state": "passed",
                  "speed": "fast",
                  "pass": true,
                  "fail": false,
                  "pending": false,
                  "context": null,
                  "code": "cy.requestsFor({\n  method: 'POST',\n  url: '/login',\n  body: {}\n}).then(response => {\n  expect(response.status).to.be.oneOf([400, 401]);\n  expect(response.body).to.have.property('email');\n  expect(response.body).to.have.property('password');\n});",
                  "err": {},
                  "uuid": "801bb519-6f28-4231-ae86-e96965da1282",
                  "parentUUID": "2048fff6-0187-4260-af6a-f690cba063a2",
                  "isHook": false,
                  "skipped": false
                }
              ],
              "suites": [],
              "passes": [
                "0637a509-5784-4510-8192-7c18d37f39f1",
                "ecf374ad-f6ff-40e0-a568-ddf3ffbb2719",
                "b858eb53-18c3-4c28-8795-b103e85dcdb3",
                "801bb519-6f28-4231-ae86-e96965da1282"
              ],
              "failures": [
                "34381f0e-c678-48f1-9895-f8f17b85bce1"
              ],
              "pending": [],
              "skipped": [],
              "duration": 1988,
              "root": false,
              "rootEmpty": false,
              "_timeout": 2000
            }
          ],
          "passes": [],
          "failures": [],
          "pending": [],
          "skipped": [],
          "duration": 0,
          "root": false,
          "rootEmpty": false,
          "_timeout": 2000
        }
      ],
      "passes": [],
      "failures": [],
      "pending": [],
      "skipped": [],
      "duration": 0,
      "root": true,
      "rootEmpty": true,
      "_timeout": 2000
    }
  ],
  "meta": {
    "mocha": {
      "version": "7.0.1"
    },
    "mochawesome": {
      "options": {
        "quiet": false,
        "reportFilename": "mochawesome",
        "saveHtml": true,
        "saveJson": true,
        "consoleReporter": "spec",
        "useInlineDiffs": false,
        "code": true
      },
      "version": "7.1.4"
    },
    "marge": {
      "options": {
        "reportDir": "cypress/reports",
        "overwrite": false,
        "html": true,
        "json": true
      },
      "version": "6.3.0"
    }
  }
}