{
  "stats": {
    "suites": 1,
    "tests": 3,
    "passes": 2,
    "pending": 0,
    "failures": 1,
    "start": "2025-10-16T15:27:23.984Z",
    "end": "2025-10-16T15:27:36.767Z",
    "duration": 12783,
    "testsRegistered": 3,
    "passPercent": 66.66666666666666,
    "pendingPercent": 0,
    "other": 0,
    "hasOther": false,
    "skipped": 0,
    "hasSkipped": false
  },
  "results": [
    {
      "uuid": "89399cf9-eec7-4f8e-a1e5-7d18a06436b8",
      "title": "",
      "fullFile": "cypress\\e2e\\interface\\login.cy.js",
      "file": "cypress\\e2e\\interface\\login.cy.js",
      "beforeHooks": [],
      "afterHooks": [],
      "tests": [],
      "suites": [
        {
          "uuid": "fa1fdaca-97bf-4cd2-9ee3-44912e0e3551",
          "title": "Login",
          "fullFile": "",
          "file": "",
          "beforeHooks": [],
          "afterHooks": [],
          "tests": [
            {
              "title": "Create new user",
              "fullTitle": "Login Create new user",
              "timedOut": null,
              "duration": 3827,
              "state": "passed",
              "speed": "fast",
              "pass": true,
              "fail": false,
              "pending": false,
              "context": null,
              "code": "login.clickCadastrar();\ncreateUser.validateElement('cadastro');\ncreateUser.create('Test', 'Test1234');",
              "err": {},
              "uuid": "fdb27efa-f96a-4986-80c0-1aac6da0c5f4",
              "parentUUID": "fa1fdaca-97bf-4cd2-9ee3-44912e0e3551",
              "isHook": false,
              "skipped": false
            },
            {
              "title": "Do a login with the correct user and password",
              "fullTitle": "Login Do a login with the correct user and password",
              "timedOut": null,
              "duration": 5947,
              "state": "failed",
              "speed": null,
              "pass": false,
              "fail": true,
              "pending": false,
              "context": null,
              "code": "login.doLogin('Test@@test.com', 'Test1234');",
              "err": {
                "message": "AssertionError: Timed out retrying after 4000ms: Expected to find element: `[data-testid=\"pesquisar\"]`, but never found it.",
                "estack": "AssertionError: Timed out retrying after 4000ms: Expected to find element: `[data-testid=\"pesquisar\"]`, but never found it.\n    at validateElement (webpack://bluesix/./cypress/page-object/homepage.js:18:19)\n    at Object.doLogin (webpack://bluesix/./cypress/page-object/login.js:13:20)\n    at Context.eval (webpack://bluesix/./cypress/e2e/interface/login.cy.js:21:10)",
                "diff": null
              },
              "uuid": "eed1e8fc-248f-4150-a3f1-ac7a1bbdd016",
              "parentUUID": "fa1fdaca-97bf-4cd2-9ee3-44912e0e3551",
              "isHook": false,
              "skipped": false
            },
            {
              "title": "Do a login with wrong credentials should see an error message",
              "fullTitle": "Login Do a login with wrong credentials should see an error message",
              "timedOut": null,
              "duration": 2907,
              "state": "passed",
              "speed": "fast",
              "pass": true,
              "fail": false,
              "pending": false,
              "context": null,
              "code": "login.wrongLogin('andreluiz21@gmail.com', 'Test12');",
              "err": {},
              "uuid": "bdd6463e-aaeb-49c4-a6f6-e1c13a768970",
              "parentUUID": "fa1fdaca-97bf-4cd2-9ee3-44912e0e3551",
              "isHook": false,
              "skipped": false
            }
          ],
          "suites": [],
          "passes": [
            "fdb27efa-f96a-4986-80c0-1aac6da0c5f4",
            "bdd6463e-aaeb-49c4-a6f6-e1c13a768970"
          ],
          "failures": [
            "eed1e8fc-248f-4150-a3f1-ac7a1bbdd016"
          ],
          "pending": [],
          "skipped": [],
          "duration": 12681,
          "root": false,
          "rootEmpty": false,
          "_timeout": 2000
        }
      ],
      "passes": [],
      "failures": [],
      "pending": [],
      "skipped": [],
      "duration": 0,
      "root": true,
      "rootEmpty": true,
      "_timeout": 2000
    }
  ],
  "meta": {
    "mocha": {
      "version": "7.0.1"
    },
    "mochawesome": {
      "options": {
        "quiet": false,
        "reportFilename": "mochawesome",
        "saveHtml": true,
        "saveJson": true,
        "consoleReporter": "spec",
        "useInlineDiffs": false,
        "code": true
      },
      "version": "7.1.4"
    },
    "marge": {
      "options": {
        "reportDir": "cypress/reports",
        "overwrite": false,
        "html": true,
        "json": true
      },
      "version": "6.3.0"
    }
  }
}