{
  "stats": {
    "suites": 4,
    "tests": 9,
    "passes": 7,
    "pending": 0,
    "failures": 2,
    "start": "2025-10-16T13:58:02.774Z",
    "end": "2025-10-16T13:58:05.230Z",
    "duration": 2456,
    "testsRegistered": 9,
    "passPercent": 77.77777777777779,
    "pendingPercent": 0,
    "other": 0,
    "hasOther": false,
    "skipped": 0,
    "hasSkipped": false
  },
  "results": [
    {
      "uuid": "5a30454c-99aa-410b-b266-589f2bb0e731",
      "title": "",
      "fullFile": "cypress\\e2e\\api\\usuariosCalls.cy.js",
      "file": "cypress\\e2e\\api\\usuariosCalls.cy.js",
      "beforeHooks": [],
      "afterHooks": [],
      "tests": [],
      "suites": [
        {
          "uuid": "4e482648-1f9e-494d-912d-597d70aacd60",
          "title": "Tests for Usuarios calls",
          "fullFile": "",
          "file": "",
          "beforeHooks": [],
          "afterHooks": [],
          "tests": [],
          "suites": [
            {
              "uuid": "7a882af0-1048-4185-9a6c-d3dbd5b6ef80",
              "title": "Tests scenarios for the POST call",
              "fullFile": "",
              "file": "",
              "beforeHooks": [],
              "afterHooks": [],
              "tests": [
                {
                  "title": "Given have user data When we create a user this data then we should succeed",
                  "fullTitle": "Tests for Usuarios calls Tests scenarios for the POST call Given have user data When we create a user this data then we should succeed",
                  "timedOut": null,
                  "duration": 443,
                  "state": "failed",
                  "speed": null,
                  "pass": false,
                  "fail": true,
                  "pending": false,
                  "context": null,
                  "code": "cy.requestsFor({\n  method: 'POST',\n  url: '/usuarios',\n  body: {\n    nome: \"Test\",\n    email: (0, _createUser.default)(),\n    password: \"teste\",\n    administrador: \"false\"\n  }\n}).then(response => {\n  expect(response.status).to.be.oneOf([200, 201]);\n  expect(response.body).to.have.property('message');\n  expect(response.body).to.have.property('_id');\n  //expect(response.duration).to.be.lessThan(??) Necessario saber qual o valor aceitavel do tempo de resposta\n  const _id = response.body._id;\n  cy.wrap(_id).as('UserId');\n});",
                  "err": {
                    "message": "TypeError: (0 , _createUser.default) is not a function",
                    "estack": "TypeError: (0 , _createUser.default) is not a function\n    at Context.eval (webpack://bluesix/./cypress/e2e/api/usuariosCalls.cy.js:10:39)",
                    "diff": null
                  },
                  "uuid": "c43bc91f-e2e0-47ab-a911-b3a336b8a1f0",
                  "parentUUID": "7a882af0-1048-4185-9a6c-d3dbd5b6ef80",
                  "isHook": false,
                  "skipped": false
                },
                {
                  "title": "Given we try to create a user When we miss the Name then we should not succeed on creating the user",
                  "fullTitle": "Tests for Usuarios calls Tests scenarios for the POST call Given we try to create a user When we miss the Name then we should not succeed on creating the user",
                  "timedOut": null,
                  "duration": 254,
                  "state": "passed",
                  "speed": "fast",
                  "pass": true,
                  "fail": false,
                  "pending": false,
                  "context": null,
                  "code": "cy.requestsFor({\n  method: 'POST',\n  url: '/usuarios',\n  body: {\n    email: \"test@test.com\",\n    password: \"teste\",\n    administrador: \"false\"\n  }\n}).then(response => {\n  expect(response.status).to.be.oneOf([400, 401]);\n  expect(response.body).to.have.property('nome');\n});",
                  "err": {},
                  "uuid": "cf2b0a26-e7b5-4250-9ef3-f7c4f984b183",
                  "parentUUID": "7a882af0-1048-4185-9a6c-d3dbd5b6ef80",
                  "isHook": false,
                  "skipped": false
                },
                {
                  "title": "Given we try to create a user without Administrador then we should not succeed",
                  "fullTitle": "Tests for Usuarios calls Tests scenarios for the POST call Given we try to create a user without Administrador then we should not succeed",
                  "timedOut": null,
                  "duration": 238,
                  "state": "passed",
                  "speed": "fast",
                  "pass": true,
                  "fail": false,
                  "pending": false,
                  "context": null,
                  "code": "cy.requestsFor({\n  method: 'POST',\n  url: '/usuarios',\n  body: {\n    nome: \"Test\",\n    email: \"test@test.com\",\n    password: \"teste\"\n  }\n}).then(response => {\n  expect(response.status).to.be.oneOf([400, 401]);\n  expect(response.body).to.have.property('administrador');\n});",
                  "err": {},
                  "uuid": "d606c3ba-9637-4116-8856-1ac5cfbb0d3d",
                  "parentUUID": "7a882af0-1048-4185-9a6c-d3dbd5b6ef80",
                  "isHook": false,
                  "skipped": false
                },
                {
                  "title": "Given we try to create a user without Password then we should not succeed",
                  "fullTitle": "Tests for Usuarios calls Tests scenarios for the POST call Given we try to create a user without Password then we should not succeed",
                  "timedOut": null,
                  "duration": 224,
                  "state": "passed",
                  "speed": "fast",
                  "pass": true,
                  "fail": false,
                  "pending": false,
                  "context": null,
                  "code": "cy.requestsFor({\n  method: 'POST',\n  url: '/usuarios',\n  body: {\n    nome: \"Test\",\n    email: \"test@test.com\",\n    administrador: \"false\"\n  }\n}).then(response => {\n  expect(response.status).to.be.oneOf([400, 401]);\n  expect(response.body).to.have.property('password');\n});",
                  "err": {},
                  "uuid": "6390e31d-034a-4bcc-a581-c89a0d55e8c5",
                  "parentUUID": "7a882af0-1048-4185-9a6c-d3dbd5b6ef80",
                  "isHook": false,
                  "skipped": false
                },
                {
                  "title": "Given we try to create a user without Email then we should not succeed",
                  "fullTitle": "Tests for Usuarios calls Tests scenarios for the POST call Given we try to create a user without Email then we should not succeed",
                  "timedOut": null,
                  "duration": 221,
                  "state": "passed",
                  "speed": "fast",
                  "pass": true,
                  "fail": false,
                  "pending": false,
                  "context": null,
                  "code": "cy.requestsFor({\n  method: 'POST',\n  url: '/usuarios',\n  body: {\n    nome: \"Test\",\n    password: \"teste\",\n    administrador: \"false\"\n  }\n}).then(response => {\n  expect(response.status).to.be.oneOf([400, 401]);\n  expect(response.body).to.have.property('email');\n});",
                  "err": {},
                  "uuid": "9d3b2d24-c21b-4bbb-b450-177343184e94",
                  "parentUUID": "7a882af0-1048-4185-9a6c-d3dbd5b6ef80",
                  "isHook": false,
                  "skipped": false
                },
                {
                  "title": "Given we try to create a user with Empty body then we should not succeed",
                  "fullTitle": "Tests for Usuarios calls Tests scenarios for the POST call Given we try to create a user with Empty body then we should not succeed",
                  "timedOut": null,
                  "duration": 226,
                  "state": "passed",
                  "speed": "fast",
                  "pass": true,
                  "fail": false,
                  "pending": false,
                  "context": null,
                  "code": "cy.requestsFor({\n  method: 'POST',\n  url: '/usuarios',\n  body: {}\n}).then(response => {\n  expect(response.status).to.be.oneOf([400, 401]);\n  expect(response.body).to.have.property('email');\n  expect(response.body).to.have.property('password');\n  expect(response.body).to.have.property('nome');\n  expect(response.body).to.have.property('administrador');\n});",
                  "err": {},
                  "uuid": "7b1e6d51-0c99-4168-a90d-61432ce5fd9b",
                  "parentUUID": "7a882af0-1048-4185-9a6c-d3dbd5b6ef80",
                  "isHook": false,
                  "skipped": false
                }
              ],
              "suites": [],
              "passes": [
                "cf2b0a26-e7b5-4250-9ef3-f7c4f984b183",
                "d606c3ba-9637-4116-8856-1ac5cfbb0d3d",
                "6390e31d-034a-4bcc-a581-c89a0d55e8c5",
                "9d3b2d24-c21b-4bbb-b450-177343184e94",
                "7b1e6d51-0c99-4168-a90d-61432ce5fd9b"
              ],
              "failures": [
                "c43bc91f-e2e0-47ab-a911-b3a336b8a1f0"
              ],
              "pending": [],
              "skipped": [],
              "duration": 1606,
              "root": false,
              "rootEmpty": false,
              "_timeout": 2000
            },
            {
              "uuid": "0b3be3dc-5c28-49e9-86b9-0854dec3ff87",
              "title": "Tests scenarios for the GET call",
              "fullFile": "",
              "file": "",
              "beforeHooks": [],
              "afterHooks": [],
              "tests": [
                {
                  "title": "Given we create a user with the correct data then we should succeed",
                  "fullTitle": "Tests for Usuarios calls Tests scenarios for the GET call Given we create a user with the correct data then we should succeed",
                  "timedOut": null,
                  "duration": 222,
                  "state": "passed",
                  "speed": "fast",
                  "pass": true,
                  "fail": false,
                  "pending": false,
                  "context": null,
                  "code": "cy.requestsFor({\n  method: 'POST',\n  url: '/usuarios',\n  body: {\n    nome: \"Test\",\n    email: \"test12345@test.com\",\n    password: \"teste\",\n    administrador: \"false\"\n  }\n}).then(response => {\n  expect(response.status).to.be.oneOf([200, 201]);\n  expect(response.body).to.have.property('message');\n  expect(response.body).to.have.property('_id');\n  const _id = response.body._id;\n  cy.wrap(_id).as('UserId');\n});",
                  "err": {},
                  "uuid": "4f6f5a80-92ba-4884-8799-7a63f54fea95",
                  "parentUUID": "0b3be3dc-5c28-49e9-86b9-0854dec3ff87",
                  "isHook": false,
                  "skipped": false
                },
                {
                  "title": "Given we try to create a user without Name then we should not succeed",
                  "fullTitle": "Tests for Usuarios calls Tests scenarios for the GET call Given we try to create a user without Name then we should not succeed",
                  "timedOut": null,
                  "duration": 227,
                  "state": "passed",
                  "speed": "fast",
                  "pass": true,
                  "fail": false,
                  "pending": false,
                  "context": null,
                  "code": "cy.requestsFor({\n  method: 'POST',\n  url: '/usuarios',\n  body: {\n    email: \"test@test.com\",\n    password: \"teste\",\n    administrador: \"false\"\n  }\n}).then(response => {\n  expect(response.status).to.be.oneOf([400, 401]);\n  expect(response.body).to.have.property('nome');\n});",
                  "err": {},
                  "uuid": "4bab4512-c50d-453f-b4b4-430ed07d1b72",
                  "parentUUID": "0b3be3dc-5c28-49e9-86b9-0854dec3ff87",
                  "isHook": false,
                  "skipped": false
                }
              ],
              "suites": [],
              "passes": [
                "4f6f5a80-92ba-4884-8799-7a63f54fea95",
                "4bab4512-c50d-453f-b4b4-430ed07d1b72"
              ],
              "failures": [],
              "pending": [],
              "skipped": [],
              "duration": 449,
              "root": false,
              "rootEmpty": false,
              "_timeout": 2000
            },
            {
              "uuid": "6b86ae71-451b-4e1f-99de-1473ed9af021",
              "title": "Test scenario for the simple DELETE call",
              "fullFile": "",
              "file": "",
              "beforeHooks": [],
              "afterHooks": [],
              "tests": [
                {
                  "title": "Given we have an already created user When we delete it then we should suceed",
                  "fullTitle": "Tests for Usuarios calls Test scenario for the simple DELETE call Given we have an already created user When we delete it then we should suceed",
                  "timedOut": null,
                  "duration": 247,
                  "state": "failed",
                  "speed": null,
                  "pass": false,
                  "fail": true,
                  "pending": false,
                  "context": null,
                  "code": "cy.requestsFor('DELETE', `/usuarios/${_id}`);",
                  "err": {
                    "message": "ReferenceError: _id is not defined",
                    "estack": "ReferenceError: _id is not defined\n    at Context.eval (webpack://bluesix/./cypress/e2e/api/usuariosCalls.cy.js:142:50)",
                    "diff": null
                  },
                  "uuid": "f3ef1e98-8b5f-4a53-ad17-a7e63ee972a4",
                  "parentUUID": "6b86ae71-451b-4e1f-99de-1473ed9af021",
                  "isHook": false,
                  "skipped": false
                }
              ],
              "suites": [],
              "passes": [],
              "failures": [
                "f3ef1e98-8b5f-4a53-ad17-a7e63ee972a4"
              ],
              "pending": [],
              "skipped": [],
              "duration": 247,
              "root": false,
              "rootEmpty": false,
              "_timeout": 2000
            }
          ],
          "passes": [],
          "failures": [],
          "pending": [],
          "skipped": [],
          "duration": 0,
          "root": false,
          "rootEmpty": false,
          "_timeout": 2000
        }
      ],
      "passes": [],
      "failures": [],
      "pending": [],
      "skipped": [],
      "duration": 0,
      "root": true,
      "rootEmpty": true,
      "_timeout": 2000
    }
  ],
  "meta": {
    "mocha": {
      "version": "7.0.1"
    },
    "mochawesome": {
      "options": {
        "quiet": false,
        "reportFilename": "mochawesome",
        "saveHtml": true,
        "saveJson": true,
        "consoleReporter": "spec",
        "useInlineDiffs": false,
        "code": true
      },
      "version": "7.1.4"
    },
    "marge": {
      "options": {
        "reportDir": "cypress/reports",
        "overwrite": false,
        "html": true,
        "json": true
      },
      "version": "6.3.0"
    }
  }
}