{
  "stats": {
    "suites": 2,
    "tests": 5,
    "passes": 4,
    "pending": 0,
    "failures": 1,
    "start": "2025-10-16T15:30:36.299Z",
    "end": "2025-10-16T15:30:38.879Z",
    "duration": 2580,
    "testsRegistered": 5,
    "passPercent": 80,
    "pendingPercent": 0,
    "other": 0,
    "hasOther": false,
    "skipped": 0,
    "hasSkipped": false
  },
  "results": [
    {
      "uuid": "0f8f833b-10a6-443e-921e-3af42051c957",
      "title": "",
      "fullFile": "cypress\\e2e\\api\\LoginCalls.cy.js",
      "file": "cypress\\e2e\\api\\LoginCalls.cy.js",
      "beforeHooks": [],
      "afterHooks": [],
      "tests": [],
      "suites": [
        {
          "uuid": "0a58c865-aedb-4934-901e-989da0ebfe78",
          "title": "Tests for Login calls",
          "fullFile": "",
          "file": "",
          "beforeHooks": [],
          "afterHooks": [],
          "tests": [],
          "suites": [
            {
              "uuid": "e0a48b71-3c83-490f-a6b2-91d77fa1d08b",
              "title": "Tests scenarios for the POST call",
              "fullFile": "",
              "file": "",
              "beforeHooks": [],
              "afterHooks": [],
              "tests": [
                {
                  "title": "Validate Login using correct credentials",
                  "fullTitle": "Tests for Login calls Tests scenarios for the POST call Validate Login using correct credentials",
                  "timedOut": null,
                  "duration": 1503,
                  "state": "failed",
                  "speed": null,
                  "pass": false,
                  "fail": true,
                  "pending": false,
                  "context": null,
                  "code": "cy.requestsFor({\n  method: 'POST',\n  url: '/login',\n  body: {\n    \"email\": \"test@test.com\",\n    \"password\": \"teste\"\n  }\n}).then(response => {\n  expect(response.status).to.be.oneOf([200, 201]);\n  expect(response.body).to.have.property('message');\n  expect(response.body).to.have.property('authorization');\n});",
                  "err": {
                    "message": "AssertionError: expected 401 to be one of [ 200, 201 ]",
                    "estack": "AssertionError: expected 401 to be one of [ 200, 201 ]\n    at Context.eval (webpack://bluesix/./cypress/e2e/api/LoginCalls.cy.js:13:46)",
                    "diff": "- 401\n+ [ 200, 201 ]\n"
                  },
                  "uuid": "7b5e152f-991a-4db7-81ac-26c2ebcb2a84",
                  "parentUUID": "e0a48b71-3c83-490f-a6b2-91d77fa1d08b",
                  "isHook": false,
                  "skipped": false
                },
                {
                  "title": "Validate Login using incorrect credentials",
                  "fullTitle": "Tests for Login calls Tests scenarios for the POST call Validate Login using incorrect credentials",
                  "timedOut": null,
                  "duration": 236,
                  "state": "passed",
                  "speed": "fast",
                  "pass": true,
                  "fail": false,
                  "pending": false,
                  "context": null,
                  "code": "cy.requestsFor({\n  method: 'POST',\n  url: '/login',\n  body: {\n    \"email\": \"test@t.com\",\n    \"password\": \"testeeee123\"\n  }\n}).then(response => {\n  expect(response.status).to.be.oneOf([400, 401]);\n  expect(response.body).to.have.property('message');\n});",
                  "err": {},
                  "uuid": "d5b8868a-102e-4245-a43b-7dfffca7ad01",
                  "parentUUID": "e0a48b71-3c83-490f-a6b2-91d77fa1d08b",
                  "isHook": false,
                  "skipped": false
                },
                {
                  "title": "Validate Login without Password",
                  "fullTitle": "Tests for Login calls Tests scenarios for the POST call Validate Login without Password",
                  "timedOut": null,
                  "duration": 249,
                  "state": "passed",
                  "speed": "fast",
                  "pass": true,
                  "fail": false,
                  "pending": false,
                  "context": null,
                  "code": "cy.requestsFor({\n  method: 'POST',\n  url: '/login',\n  body: {\n    \"email\": \"test@t.com\"\n  }\n}).then(response => {\n  expect(response.status).to.be.oneOf([400, 401]);\n  expect(response.body).to.have.property('password');\n});",
                  "err": {},
                  "uuid": "80ba6639-c02a-456d-be17-5f9e113d089b",
                  "parentUUID": "e0a48b71-3c83-490f-a6b2-91d77fa1d08b",
                  "isHook": false,
                  "skipped": false
                },
                {
                  "title": "Validate Login without Email",
                  "fullTitle": "Tests for Login calls Tests scenarios for the POST call Validate Login without Email",
                  "timedOut": null,
                  "duration": 242,
                  "state": "passed",
                  "speed": "fast",
                  "pass": true,
                  "fail": false,
                  "pending": false,
                  "context": null,
                  "code": "cy.requestsFor({\n  method: 'POST',\n  url: '/login',\n  body: {\n    \"password\": \"teste\"\n  }\n}).then(response => {\n  expect(response.status).to.be.oneOf([400, 401]);\n  expect(response.body).to.have.property('email');\n});",
                  "err": {},
                  "uuid": "d5a3fa3e-b261-4c60-b052-fd22ebd0be48",
                  "parentUUID": "e0a48b71-3c83-490f-a6b2-91d77fa1d08b",
                  "isHook": false,
                  "skipped": false
                },
                {
                  "title": "Validate Login with empty body",
                  "fullTitle": "Tests for Login calls Tests scenarios for the POST call Validate Login with empty body",
                  "timedOut": null,
                  "duration": 242,
                  "state": "passed",
                  "speed": "fast",
                  "pass": true,
                  "fail": false,
                  "pending": false,
                  "context": null,
                  "code": "cy.requestsFor({\n  method: 'POST',\n  url: '/login',\n  body: {}\n}).then(response => {\n  expect(response.status).to.be.oneOf([400, 401]);\n  expect(response.body).to.have.property('email');\n  expect(response.body).to.have.property('password');\n});",
                  "err": {},
                  "uuid": "f86fa692-1e01-4d2d-8824-188ea60e6fc7",
                  "parentUUID": "e0a48b71-3c83-490f-a6b2-91d77fa1d08b",
                  "isHook": false,
                  "skipped": false
                }
              ],
              "suites": [],
              "passes": [
                "d5b8868a-102e-4245-a43b-7dfffca7ad01",
                "80ba6639-c02a-456d-be17-5f9e113d089b",
                "d5a3fa3e-b261-4c60-b052-fd22ebd0be48",
                "f86fa692-1e01-4d2d-8824-188ea60e6fc7"
              ],
              "failures": [
                "7b5e152f-991a-4db7-81ac-26c2ebcb2a84"
              ],
              "pending": [],
              "skipped": [],
              "duration": 2472,
              "root": false,
              "rootEmpty": false,
              "_timeout": 2000
            }
          ],
          "passes": [],
          "failures": [],
          "pending": [],
          "skipped": [],
          "duration": 0,
          "root": false,
          "rootEmpty": false,
          "_timeout": 2000
        }
      ],
      "passes": [],
      "failures": [],
      "pending": [],
      "skipped": [],
      "duration": 0,
      "root": true,
      "rootEmpty": true,
      "_timeout": 2000
    }
  ],
  "meta": {
    "mocha": {
      "version": "7.0.1"
    },
    "mochawesome": {
      "options": {
        "quiet": false,
        "reportFilename": "mochawesome",
        "saveHtml": true,
        "saveJson": true,
        "consoleReporter": "spec",
        "useInlineDiffs": false,
        "code": true
      },
      "version": "7.1.4"
    },
    "marge": {
      "options": {
        "reportDir": "cypress/reports",
        "overwrite": false,
        "html": true,
        "json": true
      },
      "version": "6.3.0"
    }
  }
}