{
  "stats": {
    "suites": 1,
    "tests": 1,
    "passes": 0,
    "pending": 0,
    "failures": 1,
    "start": "2025-10-07T23:15:32.483Z",
    "end": "2025-10-07T23:15:41.770Z",
    "duration": 9287,
    "testsRegistered": 1,
    "passPercent": 0,
    "pendingPercent": 0,
    "other": 0,
    "hasOther": false,
    "skipped": 0,
    "hasSkipped": false
  },
  "results": [
    {
      "uuid": "2fc25893-bf0f-4a56-9047-887fa9672c26",
      "title": "",
      "fullFile": "cypress\\e2e\\ui\\home.cy.js",
      "file": "cypress\\e2e\\ui\\home.cy.js",
      "beforeHooks": [],
      "afterHooks": [],
      "tests": [],
      "suites": [
        {
          "uuid": "1a088c9c-d0e9-4927-a297-c033d06a2117",
          "title": "Validate the HomePage",
          "fullFile": "",
          "file": "",
          "beforeHooks": [],
          "afterHooks": [],
          "tests": [
            {
              "title": "Add a product to cart",
              "fullTitle": "Validate the HomePage Add a product to cart",
              "timedOut": null,
              "duration": 9179,
              "state": "failed",
              "speed": null,
              "pass": false,
              "fail": true,
              "pending": false,
              "context": null,
              "code": "hp.searchProduct();",
              "err": {
                "message": "AssertionError: Timed out retrying after 4000ms: Expected to find element: `[data-testid=\"pesquisar\"]`, but never found it.\n\nBecause this error occurred during a `before each` hook we are skipping the remaining tests in the current suite: `Validate the HomePage`",
                "estack": "AssertionError: Timed out retrying after 4000ms: Expected to find element: `[data-testid=\"pesquisar\"]`, but never found it.\n\nBecause this error occurred during a `before each` hook we are skipping the remaining tests in the current suite: `Validate the HomePage`\n    at validateElement (webpack://bluesix/./cypress/page-object/homepage.js:18:19)\n    at doLogin (webpack://bluesix/./cypress/page-object/login.js:13:20)\n    at Context.eval (webpack://bluesix/./cypress/e2e/ui/home.cy.js:11:16)",
                "diff": null
              },
              "uuid": "4dc292d3-acca-4d6f-b287-cf4ac3b969e6",
              "parentUUID": "1a088c9c-d0e9-4927-a297-c033d06a2117",
              "isHook": false,
              "skipped": false
            }
          ],
          "suites": [],
          "passes": [],
          "failures": [
            "4dc292d3-acca-4d6f-b287-cf4ac3b969e6"
          ],
          "pending": [],
          "skipped": [],
          "duration": 9179,
          "root": false,
          "rootEmpty": false,
          "_timeout": 2000
        }
      ],
      "passes": [],
      "failures": [],
      "pending": [],
      "skipped": [],
      "duration": 0,
      "root": true,
      "rootEmpty": true,
      "_timeout": 2000
    }
  ],
  "meta": {
    "mocha": {
      "version": "7.0.1"
    },
    "mochawesome": {
      "options": {
        "quiet": false,
        "reportFilename": "mochawesome",
        "saveHtml": true,
        "saveJson": true,
        "consoleReporter": "spec",
        "useInlineDiffs": false,
        "code": true
      },
      "version": "7.1.4"
    },
    "marge": {
      "options": {
        "reportDir": "cypress/reports",
        "overwrite": false,
        "html": true,
        "json": true
      },
      "version": "6.3.0"
    }
  }
}